<?xml version="1.0" encoding="UTF-8"?>
<!-- Generated by org.testng.reporters.JUnitXMLReporter -->
<testsuite ignored="0" hostname="DESKTOP-QVM6J4J" failures="0" tests="3" name="Test_Edge" time="25.142" errors="0" timestamp="2022-09-28T08:20:37 IST">
  <testcase classname="Test.Test_crossBrowser" name="test1" time="0.019"/>
  <testcase classname="Test.Test_crossBrowser" name="testa" time="0.008"/>
  <testcase classname="Test.Test_crossBrowser" name="testb" time="0.004"/>
</testsuite> <!-- Test_Edge -->
