<?xml version="1.0" encoding="UTF-8"?>
<!-- Generated by org.testng.reporters.JUnitXMLReporter -->
<testsuite ignored="2" hostname="DESKTOP-QVM6J4J" failures="0" tests="3" name="Test_chrome" time="17.484" errors="0" timestamp="2022-09-28T08:20:11 IST">
  <testcase classname="Test.Test_crossBrowser" name="testa" time="0.046"/>
  <testcase classname="Test.Test_3" name="test2" time="0.008"/>
  <testcase classname="Test.Test_4" name="test3" time="0.006"/>
  <testcase classname="Test.Test_crossBrowser" name="test1" time="0.0">
    <ignored/>
  </testcase> <!-- test1 -->
  <testcase classname="Test.Test_crossBrowser" name="testb" time="0.0">
    <ignored/>
  </testcase> <!-- testb -->
</testsuite> <!-- Test_chrome -->
