<?xml version="1.0" encoding="UTF-8"?>
<testng-results ignored="0" total="1" passed="1" failed="0" skipped="0">
  <reporter-output>
  </reporter-output>
  <suite started-at="2022-09-29T21:35:23 IST" name="Default suite" finished-at="2022-09-29T21:35:30 IST" duration-ms="7016">
    <groups>
    </groups>
    <test started-at="2022-09-29T21:35:23 IST" name="Default test" finished-at="2022-09-29T21:35:30 IST" duration-ms="7016">
      <class name="Test.TestDemo">
        <test-method signature="test1()[pri:0, instance:Test.TestDemo@66d3eec0]" started-at="2022-09-29T21:35:23 IST" name="test1" finished-at="2022-09-29T21:35:30 IST" duration-ms="6976" status="PASS">
          <reporter-output>
          </reporter-output>
        </test-method> <!-- test1 -->
      </class> <!-- Test.TestDemo -->
    </test> <!-- Default test -->
  </suite> <!-- Default suite -->
</testng-results>
